<?xml version="1.0" encoding="UTF-8"?>
<testng-results skipped="0" failed="0" ignored="0" total="1" passed="1">
  <reporter-output>
  </reporter-output>
  <suite name="Suite" duration-ms="24933" started-at="2021-08-20T20:28:37 IST" finished-at="2021-08-20T20:29:02 IST">
    <groups>
    </groups>
    <test name="Test" duration-ms="24933" started-at="2021-08-20T20:28:37 IST" finished-at="2021-08-20T20:29:02 IST">
      <class name="com.qa.orangeHRM.testcases.LoginTest">
        <test-method status="PASS" signature="beforeSuite()[pri:0, instance:com.qa.orangeHRM.testcases.LoginTest@20f5239f]" name="beforeSuite" is-config="true" duration-ms="181" started-at="2021-08-20T20:28:37 IST" finished-at="2021-08-20T20:28:37 IST">
          <reporter-output>
          </reporter-output>
        </test-method> <!-- beforeSuite -->
        <test-method status="PASS" signature="beforeTest()[pri:0, instance:com.qa.orangeHRM.testcases.LoginTest@20f5239f]" name="beforeTest" is-config="true" duration-ms="2" started-at="2021-08-20T20:28:37 IST" finished-at="2021-08-20T20:28:37 IST">
          <reporter-output>
          </reporter-output>
        </test-method> <!-- beforeTest -->
        <test-method status="PASS" signature="beforeClass()[pri:0, instance:com.qa.orangeHRM.testcases.LoginTest@20f5239f]" name="beforeClass" is-config="true" duration-ms="0" started-at="2021-08-20T20:28:37 IST" finished-at="2021-08-20T20:28:37 IST">
          <reporter-output>
          </reporter-output>
        </test-method> <!-- beforeClass -->
        <test-method status="PASS" signature="beforeMethod(java.lang.String,java.lang.reflect.Method)[pri:0, instance:com.qa.orangeHRM.testcases.LoginTest@20f5239f]" name="beforeMethod" is-config="true" duration-ms="18679" started-at="2021-08-20T20:28:37 IST" finished-at="2021-08-20T20:28:56 IST">
          <params>
            <param index="0">
              <value>
                <![CDATA[Chrome]]>
              </value>
            </param>
            <param index="1">
              <value>
                <![CDATA[public void com.qa.orangeHRM.testcases.LoginTest.VerifyLoginFunctionality() throws java.io.IOException]]>
              </value>
            </param>
          </params>
          <reporter-output>
          </reporter-output>
        </test-method> <!-- beforeMethod -->
        <test-method status="PASS" signature="VerifyLoginFunctionality()[pri:0, instance:com.qa.orangeHRM.testcases.LoginTest@20f5239f]" name="VerifyLoginFunctionality" duration-ms="5065" started-at="2021-08-20T20:28:56 IST" finished-at="2021-08-20T20:29:01 IST">
          <reporter-output>
          </reporter-output>
        </test-method> <!-- VerifyLoginFunctionality -->
        <test-method status="PASS" signature="afterMethod()[pri:0, instance:com.qa.orangeHRM.testcases.LoginTest@20f5239f]" name="afterMethod" is-config="true" duration-ms="1118" started-at="2021-08-20T20:29:01 IST" finished-at="2021-08-20T20:29:02 IST">
          <reporter-output>
          </reporter-output>
        </test-method> <!-- afterMethod -->
        <test-method status="PASS" signature="afterClass()[pri:0, instance:com.qa.orangeHRM.testcases.LoginTest@20f5239f]" name="afterClass" is-config="true" duration-ms="2" started-at="2021-08-20T20:29:02 IST" finished-at="2021-08-20T20:29:02 IST">
          <reporter-output>
          </reporter-output>
        </test-method> <!-- afterClass -->
        <test-method status="PASS" signature="afterTest()[pri:0, instance:com.qa.orangeHRM.testcases.LoginTest@20f5239f]" name="afterTest" is-config="true" duration-ms="1" started-at="2021-08-20T20:29:02 IST" finished-at="2021-08-20T20:29:02 IST">
          <reporter-output>
          </reporter-output>
        </test-method> <!-- afterTest -->
        <test-method status="PASS" signature="afterSuite()[pri:0, instance:com.qa.orangeHRM.testcases.LoginTest@20f5239f]" name="afterSuite" is-config="true" duration-ms="564" started-at="2021-08-20T20:29:02 IST" finished-at="2021-08-20T20:29:03 IST">
          <reporter-output>
          </reporter-output>
        </test-method> <!-- afterSuite -->
      </class> <!-- com.qa.orangeHRM.testcases.LoginTest -->
    </test> <!-- Test -->
  </suite> <!-- Suite -->
</testng-results>
